2026-03-19T07:24:22.5650452Z Current runner version: '2.332.0'
2026-03-19T07:24:22.5686467Z ##[group]Runner Image Provisioner
2026-03-19T07:24:22.5687691Z Hosted Compute Agent
2026-03-19T07:24:22.5688664Z Version: 20260213.493
2026-03-19T07:24:22.5689656Z Commit: 5c115507f6dd24b8de37d8bbe0bb4509d0cc0fa3
2026-03-19T07:24:22.5691056Z Build Date: 2026-02-13T00:28:41Z
2026-03-19T07:24:22.5692286Z Worker ID: {7200cdcd-0a23-4331-ac05-7c0505da8012}
2026-03-19T07:24:22.5693451Z Azure Region: northcentralus
2026-03-19T07:24:22.5694783Z ##[endgroup]
2026-03-19T07:24:22.5697043Z ##[group]Operating System
2026-03-19T07:24:22.5698003Z Ubuntu
2026-03-19T07:24:22.5698938Z 24.04.3
2026-03-19T07:24:22.5699826Z LTS
2026-03-19T07:24:22.5700539Z ##[endgroup]
2026-03-19T07:24:22.5701366Z ##[group]Runner Image
2026-03-19T07:24:22.5701915Z Image: ubuntu-24.04
2026-03-19T07:24:22.5702478Z Version: 20260309.50.1
2026-03-19T07:24:22.5703746Z Included Software: https://github.com/actions/runner-images/blob/ubuntu24/20260309.50/images/ubuntu/Ubuntu2404-Readme.md
2026-03-19T07:24:22.5705574Z Image Release: https://github.com/actions/runner-images/releases/tag/ubuntu24%2F20260309.50
2026-03-19T07:24:22.5706538Z ##[endgroup]
2026-03-19T07:24:22.5709081Z ##[group]GITHUB_TOKEN Permissions
2026-03-19T07:24:22.5711414Z Actions: write
2026-03-19T07:24:22.5712044Z ArtifactMetadata: write
2026-03-19T07:24:22.5712564Z Attestations: write
2026-03-19T07:24:22.5713118Z Checks: write
2026-03-19T07:24:22.5713612Z Contents: write
2026-03-19T07:24:22.5714404Z Deployments: write
2026-03-19T07:24:22.5715030Z Discussions: write
2026-03-19T07:24:22.5715560Z Issues: write
2026-03-19T07:24:22.5716055Z Metadata: read
2026-03-19T07:24:22.5716488Z Models: read
2026-03-19T07:24:22.5717051Z Packages: write
2026-03-19T07:24:22.5717518Z Pages: write
2026-03-19T07:24:22.5718095Z PullRequests: write
2026-03-19T07:24:22.5718747Z RepositoryProjects: write
2026-03-19T07:24:22.5719317Z SecurityEvents: write
2026-03-19T07:24:22.5719833Z Statuses: write
2026-03-19T07:24:22.5720380Z ##[endgroup]
2026-03-19T07:24:22.5722429Z Secret source: Actions
2026-03-19T07:24:22.5723484Z Prepare workflow directory
2026-03-19T07:24:22.6132935Z Prepare all required actions
2026-03-19T07:24:22.6188174Z Getting action download info
2026-03-19T07:24:22.9576159Z Download action repository 'actions/checkout@v4' (SHA:34e114876b0b11c390a56381ad16ebd13914f8d5)
2026-03-19T07:24:23.0906363Z Download action repository 'actions/setup-python@v5' (SHA:a26af69be951a213d495a4c3e4e4022e16d87065)
2026-03-19T07:24:23.1821577Z Download action repository 'actions/cache@v4' (SHA:0057852bfaa89a56745cba8c7296529d2fc39830)
2026-03-19T07:24:23.3906841Z Complete job name: platformio-arduino-compile (uno, examples/arduino_smoke/arduino_smoke.ino)
2026-03-19T07:24:23.4628059Z ##[group]Run actions/checkout@v4
2026-03-19T07:24:23.4628905Z with:
2026-03-19T07:24:23.4629395Z   repository: FEASTorg/ezo-i2c-driver
2026-03-19T07:24:23.4630079Z   token: ***
2026-03-19T07:24:23.4630463Z   ssh-strict: true
2026-03-19T07:24:23.4630863Z   ssh-user: git
2026-03-19T07:24:23.4631295Z   persist-credentials: true
2026-03-19T07:24:23.4631749Z   clean: true
2026-03-19T07:24:23.4632139Z   sparse-checkout-cone-mode: true
2026-03-19T07:24:23.4632616Z   fetch-depth: 1
2026-03-19T07:24:23.4632999Z   fetch-tags: false
2026-03-19T07:24:23.4633401Z   show-progress: true
2026-03-19T07:24:23.4633807Z   lfs: false
2026-03-19T07:24:23.4634544Z   submodules: false
2026-03-19T07:24:23.4635051Z   set-safe-directory: true
2026-03-19T07:24:23.4635871Z ##[endgroup]
2026-03-19T07:24:23.5725376Z Syncing repository: FEASTorg/ezo-i2c-driver
2026-03-19T07:24:23.5727048Z ##[group]Getting Git version info
2026-03-19T07:24:23.5727823Z Working directory is '/home/runner/work/ezo-i2c-driver/ezo-i2c-driver'
2026-03-19T07:24:23.5728805Z [command]/usr/bin/git version
2026-03-19T07:24:23.5840403Z git version 2.53.0
2026-03-19T07:24:23.5883019Z ##[endgroup]
2026-03-19T07:24:23.5912184Z Temporarily overriding HOME='/home/runner/work/_temp/c4f9a316-1468-41bb-b473-821e785d0d2a' before making global git config changes
2026-03-19T07:24:23.5914576Z Adding repository directory to the temporary git global config as a safe directory
2026-03-19T07:24:23.5920207Z [command]/usr/bin/git config --global --add safe.directory /home/runner/work/ezo-i2c-driver/ezo-i2c-driver
2026-03-19T07:24:23.5969946Z Deleting the contents of '/home/runner/work/ezo-i2c-driver/ezo-i2c-driver'
2026-03-19T07:24:23.5974654Z ##[group]Initializing the repository
2026-03-19T07:24:23.5980408Z [command]/usr/bin/git init /home/runner/work/ezo-i2c-driver/ezo-i2c-driver
2026-03-19T07:24:23.6085436Z hint: Using 'master' as the name for the initial branch. This default branch name
2026-03-19T07:24:23.6086833Z hint: will change to "main" in Git 3.0. To configure the initial branch name
2026-03-19T07:24:23.6088432Z hint: to use in all of your new repositories, which will suppress this warning,
2026-03-19T07:24:23.6089648Z hint: call:
2026-03-19T07:24:23.6090244Z hint:
2026-03-19T07:24:23.6091041Z hint: 	git config --global init.defaultBranch <name>
2026-03-19T07:24:23.6092028Z hint:
2026-03-19T07:24:23.6092639Z hint: Names commonly chosen instead of 'master' are 'main', 'trunk' and
2026-03-19T07:24:23.6093517Z hint: 'development'. The just-created branch can be renamed via this command:
2026-03-19T07:24:23.6094513Z hint:
2026-03-19T07:24:23.6094923Z hint: 	git branch -m <name>
2026-03-19T07:24:23.6095370Z hint:
2026-03-19T07:24:23.6095946Z hint: Disable this message with "git config set advice.defaultBranchName false"
2026-03-19T07:24:23.6096980Z Initialized empty Git repository in /home/runner/work/ezo-i2c-driver/ezo-i2c-driver/.git/
2026-03-19T07:24:23.6107357Z [command]/usr/bin/git remote add origin https://github.com/FEASTorg/ezo-i2c-driver
2026-03-19T07:24:23.6149240Z ##[endgroup]
2026-03-19T07:24:23.6150288Z ##[group]Disabling automatic garbage collection
2026-03-19T07:24:23.6155669Z [command]/usr/bin/git config --local gc.auto 0
2026-03-19T07:24:23.6191492Z ##[endgroup]
2026-03-19T07:24:23.6192241Z ##[group]Setting up auth
2026-03-19T07:24:23.6201713Z [command]/usr/bin/git config --local --name-only --get-regexp core\.sshCommand
2026-03-19T07:24:23.6238831Z [command]/usr/bin/git submodule foreach --recursive sh -c "git config --local --name-only --get-regexp 'core\.sshCommand' && git config --local --unset-all 'core.sshCommand' || :"
2026-03-19T07:24:23.6604823Z [command]/usr/bin/git config --local --name-only --get-regexp http\.https\:\/\/github\.com\/\.extraheader
2026-03-19T07:24:23.6639130Z [command]/usr/bin/git submodule foreach --recursive sh -c "git config --local --name-only --get-regexp 'http\.https\:\/\/github\.com\/\.extraheader' && git config --local --unset-all 'http.https://github.com/.extraheader' || :"
2026-03-19T07:24:23.6878206Z [command]/usr/bin/git config --local --name-only --get-regexp ^includeIf\.gitdir:
2026-03-19T07:24:23.6911183Z [command]/usr/bin/git submodule foreach --recursive git config --local --show-origin --name-only --get-regexp remote.origin.url
2026-03-19T07:24:23.7166272Z [command]/usr/bin/git config --local http.https://github.com/.extraheader AUTHORIZATION: basic ***
2026-03-19T07:24:23.7203567Z ##[endgroup]
2026-03-19T07:24:23.7205047Z ##[group]Fetching the repository
2026-03-19T07:24:23.7213467Z [command]/usr/bin/git -c protocol.version=2 fetch --no-tags --prune --no-recurse-submodules --depth=1 origin +7f447101f95a5be8c79a361375d8975490f073e0:refs/remotes/origin/master
2026-03-19T07:24:24.0041648Z From https://github.com/FEASTorg/ezo-i2c-driver
2026-03-19T07:24:24.0042964Z  * [new ref]         7f447101f95a5be8c79a361375d8975490f073e0 -> origin/master
2026-03-19T07:24:24.0078385Z ##[endgroup]
2026-03-19T07:24:24.0079471Z ##[group]Determining the checkout info
2026-03-19T07:24:24.0080661Z ##[endgroup]
2026-03-19T07:24:24.0085818Z [command]/usr/bin/git sparse-checkout disable
2026-03-19T07:24:24.0129987Z [command]/usr/bin/git config --local --unset-all extensions.worktreeConfig
2026-03-19T07:24:24.0158635Z ##[group]Checking out the ref
2026-03-19T07:24:24.0162042Z [command]/usr/bin/git checkout --progress --force -B master refs/remotes/origin/master
2026-03-19T07:24:24.0250537Z Reset branch 'master'
2026-03-19T07:24:24.0253543Z branch 'master' set up to track 'origin/master'.
2026-03-19T07:24:24.0260657Z ##[endgroup]
2026-03-19T07:24:24.0296828Z [command]/usr/bin/git log -1 --format=%H
2026-03-19T07:24:24.0320410Z 7f447101f95a5be8c79a361375d8975490f073e0
2026-03-19T07:24:24.0564774Z ##[group]Run actions/setup-python@v5
2026-03-19T07:24:24.0565342Z with:
2026-03-19T07:24:24.0565706Z   python-version: 3.11
2026-03-19T07:24:24.0566115Z   check-latest: false
2026-03-19T07:24:24.0566682Z   token: ***
2026-03-19T07:24:24.0567067Z   update-environment: true
2026-03-19T07:24:24.0567509Z   allow-prereleases: false
2026-03-19T07:24:24.0567934Z   freethreaded: false
2026-03-19T07:24:24.0568323Z ##[endgroup]
2026-03-19T07:24:24.2261852Z ##[group]Installed versions
2026-03-19T07:24:24.2358177Z Successfully set up CPython (3.11.15)
2026-03-19T07:24:24.2359740Z ##[endgroup]
2026-03-19T07:24:24.2531144Z ##[group]Run actions/cache@v4
2026-03-19T07:24:24.2531654Z with:
2026-03-19T07:24:24.2532080Z   path: ~/.platformio/.cache
~/.platformio/packages

2026-03-19T07:24:24.2532646Z   key: Linux-platformio-uno
2026-03-19T07:24:24.2533101Z   enableCrossOsArchive: false
2026-03-19T07:24:24.2533547Z   fail-on-cache-miss: false
2026-03-19T07:24:24.2533968Z   lookup-only: false
2026-03-19T07:24:24.2534565Z   save-always: false
2026-03-19T07:24:24.2534944Z env:
2026-03-19T07:24:24.2535393Z   pythonLocation: /opt/hostedtoolcache/Python/3.11.15/x64
2026-03-19T07:24:24.2536149Z   PKG_CONFIG_PATH: /opt/hostedtoolcache/Python/3.11.15/x64/lib/pkgconfig
2026-03-19T07:24:24.2536889Z   Python_ROOT_DIR: /opt/hostedtoolcache/Python/3.11.15/x64
2026-03-19T07:24:24.2537567Z   Python2_ROOT_DIR: /opt/hostedtoolcache/Python/3.11.15/x64
2026-03-19T07:24:24.2538234Z   Python3_ROOT_DIR: /opt/hostedtoolcache/Python/3.11.15/x64
2026-03-19T07:24:24.2538933Z   LD_LIBRARY_PATH: /opt/hostedtoolcache/Python/3.11.15/x64/lib
2026-03-19T07:24:24.2539502Z ##[endgroup]
2026-03-19T07:24:24.5097854Z Cache hit for: Linux-platformio-uno
2026-03-19T07:24:25.4452301Z Received 101751729 of 101751729 (100.0%), 118.2 MBs/sec
2026-03-19T07:24:25.4454272Z Cache Size: ~97 MB (101751729 B)
2026-03-19T07:24:25.4489451Z [command]/usr/bin/tar -xf /home/runner/work/_temp/4e3d11bb-6761-415d-bc6c-aac583b35e62/cache.tzst -P -C /home/runner/work/ezo-i2c-driver/ezo-i2c-driver --use-compress-program unzstd
2026-03-19T07:24:25.9558341Z Cache restored successfully
2026-03-19T07:24:25.9841426Z Cache restored from key: Linux-platformio-uno
2026-03-19T07:24:25.9970693Z ##[group]Run python -m pip install --upgrade platformio
2026-03-19T07:24:25.9971239Z [36;1mpython -m pip install --upgrade platformio[0m
2026-03-19T07:24:26.0026884Z shell: /usr/bin/bash -e {0}
2026-03-19T07:24:26.0027197Z env:
2026-03-19T07:24:26.0027507Z   pythonLocation: /opt/hostedtoolcache/Python/3.11.15/x64
2026-03-19T07:24:26.0027990Z   PKG_CONFIG_PATH: /opt/hostedtoolcache/Python/3.11.15/x64/lib/pkgconfig
2026-03-19T07:24:26.0028460Z   Python_ROOT_DIR: /opt/hostedtoolcache/Python/3.11.15/x64
2026-03-19T07:24:26.0028903Z   Python2_ROOT_DIR: /opt/hostedtoolcache/Python/3.11.15/x64
2026-03-19T07:24:26.0029334Z   Python3_ROOT_DIR: /opt/hostedtoolcache/Python/3.11.15/x64
2026-03-19T07:24:26.0029759Z   LD_LIBRARY_PATH: /opt/hostedtoolcache/Python/3.11.15/x64/lib
2026-03-19T07:24:26.0030102Z ##[endgroup]
2026-03-19T07:24:26.8094325Z Collecting platformio
2026-03-19T07:24:26.8662341Z   Downloading platformio-6.1.19-py3-none-any.whl.metadata (7.2 kB)
2026-03-19T07:24:26.8836646Z Collecting bottle==0.13.* (from platformio)
2026-03-19T07:24:26.8876061Z   Downloading bottle-0.13.4-py2.py3-none-any.whl.metadata (1.6 kB)
2026-03-19T07:24:26.9034393Z Collecting click<8.4,>=8.0.4 (from platformio)
2026-03-19T07:24:26.9072033Z   Downloading click-8.3.1-py3-none-any.whl.metadata (2.6 kB)
2026-03-19T07:24:26.9224265Z Collecting colorama (from platformio)
2026-03-19T07:24:26.9262409Z   Downloading colorama-0.4.6-py2.py3-none-any.whl.metadata (17 kB)
2026-03-19T07:24:26.9620591Z Collecting marshmallow==3.* (from platformio)
2026-03-19T07:24:26.9657860Z   Downloading marshmallow-3.26.2-py3-none-any.whl.metadata (7.3 kB)
2026-03-19T07:24:26.9775429Z Collecting pyelftools<1,>=0.27 (from platformio)
2026-03-19T07:24:26.9810795Z   Downloading pyelftools-0.32-py3-none-any.whl.metadata (372 bytes)
2026-03-19T07:24:26.9914292Z Collecting pyserial==3.5.* (from platformio)
2026-03-19T07:24:26.9952423Z   Downloading pyserial-3.5-py2.py3-none-any.whl.metadata (1.6 kB)
2026-03-19T07:24:27.0327532Z Collecting requests==2.* (from platformio)
2026-03-19T07:24:27.0367254Z   Downloading requests-2.32.5-py3-none-any.whl.metadata (4.9 kB)
2026-03-19T07:24:27.0549037Z Collecting semantic_version==2.10.* (from platformio)
2026-03-19T07:24:27.0592764Z   Downloading semantic_version-2.10.0-py2.py3-none-any.whl.metadata (9.7 kB)
2026-03-19T07:24:27.0737725Z Collecting tabulate==0.* (from platformio)
2026-03-19T07:24:27.0774926Z   Downloading tabulate-0.10.0-py3-none-any.whl.metadata (40 kB)
2026-03-19T07:24:27.0935882Z Collecting ajsonrpc==1.2.* (from platformio)
2026-03-19T07:24:27.0993438Z   Downloading ajsonrpc-1.2.0-py3-none-any.whl.metadata (6.9 kB)
2026-03-19T07:24:27.1241141Z Collecting starlette<0.53,>=0.19 (from platformio)
2026-03-19T07:24:27.1288240Z   Downloading starlette-0.52.1-py3-none-any.whl.metadata (6.3 kB)
2026-03-19T07:24:27.1538380Z Collecting uvicorn<0.41,>=0.16 (from platformio)
2026-03-19T07:24:27.1577309Z   Downloading uvicorn-0.40.0-py3-none-any.whl.metadata (6.7 kB)
2026-03-19T07:24:27.1709177Z Collecting wsproto==1.* (from platformio)
2026-03-19T07:24:27.1745138Z   Downloading wsproto-1.3.2-py3-none-any.whl.metadata (5.2 kB)
2026-03-19T07:24:27.1920071Z Collecting packaging>=17.0 (from marshmallow==3.*->platformio)
2026-03-19T07:24:27.1957198Z   Downloading packaging-26.0-py3-none-any.whl.metadata (3.3 kB)
2026-03-19T07:24:27.2790816Z Collecting charset_normalizer<4,>=2 (from requests==2.*->platformio)
2026-03-19T07:24:27.2831035Z   Downloading charset_normalizer-3.4.6-cp311-cp311-manylinux2014_x86_64.manylinux_2_17_x86_64.manylinux_2_28_x86_64.whl.metadata (40 kB)
2026-03-19T07:24:27.2992652Z Collecting idna<4,>=2.5 (from requests==2.*->platformio)
2026-03-19T07:24:27.3026535Z   Downloading idna-3.11-py3-none-any.whl.metadata (8.4 kB)
2026-03-19T07:24:27.3248552Z Collecting urllib3<3,>=1.21.1 (from requests==2.*->platformio)
2026-03-19T07:24:27.3283543Z   Downloading urllib3-2.6.3-py3-none-any.whl.metadata (6.9 kB)
2026-03-19T07:24:27.3469249Z Collecting certifi>=2017.4.17 (from requests==2.*->platformio)
2026-03-19T07:24:27.3504831Z   Downloading certifi-2026.2.25-py3-none-any.whl.metadata (2.5 kB)
2026-03-19T07:24:27.3680979Z Collecting anyio<5,>=3.6.2 (from starlette<0.53,>=0.19->platformio)
2026-03-19T07:24:27.3717226Z   Downloading anyio-4.12.1-py3-none-any.whl.metadata (4.3 kB)
2026-03-19T07:24:27.3871867Z Collecting typing-extensions>=4.10.0 (from starlette<0.53,>=0.19->platformio)
2026-03-19T07:24:27.3908565Z   Downloading typing_extensions-4.15.0-py3-none-any.whl.metadata (3.3 kB)
2026-03-19T07:24:27.4084397Z Collecting h11>=0.8 (from uvicorn<0.41,>=0.16->platformio)
2026-03-19T07:24:27.4120133Z   Downloading h11-0.16.0-py3-none-any.whl.metadata (8.3 kB)
2026-03-19T07:24:27.4221317Z Downloading platformio-6.1.19-py3-none-any.whl (421 kB)
2026-03-19T07:24:27.4322363Z Downloading ajsonrpc-1.2.0-py3-none-any.whl (22 kB)
2026-03-19T07:24:27.4378820Z Downloading bottle-0.13.4-py2.py3-none-any.whl (103 kB)
2026-03-19T07:24:27.4439406Z Downloading click-8.3.1-py3-none-any.whl (108 kB)
2026-03-19T07:24:27.4498391Z Downloading marshmallow-3.26.2-py3-none-any.whl (50 kB)
2026-03-19T07:24:27.4554888Z Downloading pyelftools-0.32-py3-none-any.whl (188 kB)
2026-03-19T07:24:27.4618800Z Downloading pyserial-3.5-py2.py3-none-any.whl (90 kB)
2026-03-19T07:24:27.4679647Z Downloading requests-2.32.5-py3-none-any.whl (64 kB)
2026-03-19T07:24:27.4738331Z Downloading charset_normalizer-3.4.6-cp311-cp311-manylinux2014_x86_64.manylinux_2_17_x86_64.manylinux_2_28_x86_64.whl (204 kB)
2026-03-19T07:24:27.4801411Z Downloading idna-3.11-py3-none-any.whl (71 kB)
2026-03-19T07:24:27.4860309Z Downloading semantic_version-2.10.0-py2.py3-none-any.whl (15 kB)
2026-03-19T07:24:27.4915786Z Downloading starlette-0.52.1-py3-none-any.whl (74 kB)
2026-03-19T07:24:27.4974498Z Downloading anyio-4.12.1-py3-none-any.whl (113 kB)
2026-03-19T07:24:27.5037611Z Downloading tabulate-0.10.0-py3-none-any.whl (39 kB)
2026-03-19T07:24:27.5095427Z Downloading urllib3-2.6.3-py3-none-any.whl (131 kB)
2026-03-19T07:24:27.5153834Z Downloading uvicorn-0.40.0-py3-none-any.whl (68 kB)
2026-03-19T07:24:27.5218597Z Downloading wsproto-1.3.2-py3-none-any.whl (24 kB)
2026-03-19T07:24:27.5272827Z Downloading h11-0.16.0-py3-none-any.whl (37 kB)
2026-03-19T07:24:27.5328336Z Downloading certifi-2026.2.25-py3-none-any.whl (153 kB)
2026-03-19T07:24:27.5389676Z Downloading packaging-26.0-py3-none-any.whl (74 kB)
2026-03-19T07:24:27.5446570Z Downloading typing_extensions-4.15.0-py3-none-any.whl (44 kB)
2026-03-19T07:24:27.5503147Z Downloading colorama-0.4.6-py2.py3-none-any.whl (25 kB)
2026-03-19T07:24:27.6062330Z Installing collected packages: pyserial, pyelftools, bottle, urllib3, typing-extensions, tabulate, semantic_version, packaging, idna, h11, colorama, click, charset_normalizer, certifi, ajsonrpc, wsproto, uvicorn, requests, marshmallow, anyio, starlette, platformio
2026-03-19T07:24:28.8311443Z 
2026-03-19T07:24:28.8329322Z Successfully installed ajsonrpc-1.2.0 anyio-4.12.1 bottle-0.13.4 certifi-2026.2.25 charset_normalizer-3.4.6 click-8.3.1 colorama-0.4.6 h11-0.16.0 idna-3.11 marshmallow-3.26.2 packaging-26.0 platformio-6.1.19 pyelftools-0.32 pyserial-3.5 requests-2.32.5 semantic_version-2.10.0 starlette-0.52.1 tabulate-0.10.0 typing-extensions-4.15.0 urllib3-2.6.3 uvicorn-0.40.0 wsproto-1.3.2
2026-03-19T07:24:29.0014605Z ##[group]Run pio ci --lib="." --board="uno"
2026-03-19T07:24:29.0014975Z [36;1mpio ci --lib="." --board="uno"[0m
2026-03-19T07:24:29.0068092Z shell: /usr/bin/bash -e {0}
2026-03-19T07:24:29.0068332Z env:
2026-03-19T07:24:29.0068604Z   pythonLocation: /opt/hostedtoolcache/Python/3.11.15/x64
2026-03-19T07:24:29.0069023Z   PKG_CONFIG_PATH: /opt/hostedtoolcache/Python/3.11.15/x64/lib/pkgconfig
2026-03-19T07:24:29.0069420Z   Python_ROOT_DIR: /opt/hostedtoolcache/Python/3.11.15/x64
2026-03-19T07:24:29.0069809Z   Python2_ROOT_DIR: /opt/hostedtoolcache/Python/3.11.15/x64
2026-03-19T07:24:29.0070183Z   Python3_ROOT_DIR: /opt/hostedtoolcache/Python/3.11.15/x64
2026-03-19T07:24:29.0070537Z   LD_LIBRARY_PATH: /opt/hostedtoolcache/Python/3.11.15/x64/lib
2026-03-19T07:24:29.0070908Z   PLATFORMIO_CI_SRC: examples/arduino_smoke/arduino_smoke.ino
2026-03-19T07:24:29.0071211Z ##[endgroup]
2026-03-19T07:24:29.3736932Z ********************************************************************************
2026-03-19T07:24:29.3737770Z If you like PlatformIO, please:
2026-03-19T07:24:29.3738188Z - star it on GitHub > https://github.com/platformio/platformio-core
2026-03-19T07:24:29.3738953Z - follow us on LinkedIn to stay up-to-date on the latest project news > https://www.linkedin.com/company/platformio/
2026-03-19T07:24:29.3739817Z - try PlatformIO IDE for embedded development > https://platformio.org/platformio-ide
2026-03-19T07:24:29.3740369Z ********************************************************************************
2026-03-19T07:24:29.3740640Z 
2026-03-19T07:24:29.3982707Z The following files/directories have been created in /tmp/tmp9_v3niso
2026-03-19T07:24:29.3983611Z include - Put project header files here
2026-03-19T07:24:29.3984390Z lib - Put project specific (private) libraries here
2026-03-19T07:24:29.3984863Z src - Put project source files here
2026-03-19T07:24:29.3985268Z platformio.ini - Project Configuration File
2026-03-19T07:24:29.4069736Z Resolving uno dependencies...
2026-03-19T07:24:29.4074943Z Platform Manager: Installing atmelavr
2026-03-19T07:24:29.4748116Z Unpacking 0% 10% 20% 30% 40% 50% 60% 70% 80% 90% 100%
2026-03-19T07:24:29.5169670Z Platform Manager: atmelavr@5.1.0 has been installed!
2026-03-19T07:24:29.5243530Z Project has been successfully initialized!
2026-03-19T07:24:29.5264566Z Processing uno (platform: atmelavr; board: uno; framework: arduino)
2026-03-19T07:24:29.5265369Z --------------------------------------------------------------------------------
2026-03-19T07:24:30.0862284Z Verbose mode can be enabled via `-v, --verbose` option
2026-03-19T07:24:30.0942289Z CONFIGURATION: https://docs.platformio.org/page/boards/atmelavr/uno.html
2026-03-19T07:24:30.0943245Z PLATFORM: Atmel AVR (5.1.0) > Arduino Uno
2026-03-19T07:24:30.0943812Z HARDWARE: ATMEGA328P 16MHz, 2KB RAM, 31.50KB Flash
2026-03-19T07:24:30.0944652Z DEBUG: Current (avr-stub) External (avr-stub, simavr)
2026-03-19T07:24:30.0945174Z PACKAGES: 
2026-03-19T07:24:30.0945533Z  - framework-arduino-avr @ 5.2.0 
2026-03-19T07:24:30.0946075Z  - toolchain-atmelavr @ 1.70300.191015 (7.3.0)
2026-03-19T07:24:30.0957377Z Converting arduino_smoke.ino
2026-03-19T07:24:30.1108722Z LDF: Library Dependency Finder -> https://bit.ly/configure-pio-ldf
2026-03-19T07:24:30.1109530Z LDF Modes: Finder ~ chain, Compatibility ~ soft
2026-03-19T07:24:30.1180956Z Found 6 compatible libraries
2026-03-19T07:24:30.1181435Z Scanning dependencies...
2026-03-19T07:24:30.1314712Z Dependency Graph
2026-03-19T07:24:30.1316037Z |-- ezo-i2c-driver @ 0.1.0
2026-03-19T07:24:30.1316445Z |-- Wire @ 1.0
2026-03-19T07:24:30.1361032Z Building in release mode
2026-03-19T07:24:30.1516759Z Compiling .pio/build/uno/src/arduino_smoke.ino.cpp.o
2026-03-19T07:24:30.1567625Z Compiling .pio/build/uno/lib3dd/Wire/Wire.cpp.o
2026-03-19T07:24:30.1631872Z Compiling .pio/build/uno/lib3dd/Wire/utility/twi.c.o
2026-03-19T07:24:30.1692271Z Compiling .pio/build/uno/lib7fc/ezo-i2c-driver/arduino/ezo_arduino_wire.cpp.o
2026-03-19T07:24:30.1832075Z /tmp/tmp9_v3niso/src/arduino_smoke.ino:11:6: warning: 'void {anonymous}::setup()' declared 'static' but never defined [-Wunused-function]
2026-03-19T07:24:30.1839427Z  void fail_fast(ezo_result_t result) {
2026-03-19T07:24:30.1839876Z       ^~~~~
2026-03-19T07:24:30.1840784Z /tmp/tmp9_v3niso/src/arduino_smoke.ino:12:6: warning: 'void {anonymous}::loop()' declared 'static' but never defined [-Wunused-function]
2026-03-19T07:24:30.1841852Z    if (result == EZO_OK) {
2026-03-19T07:24:30.1842207Z       ^~~~
2026-03-19T07:24:30.1995561Z Compiling .pio/build/uno/lib7fc/ezo-i2c-driver/ezo_i2c.c.o
2026-03-19T07:24:30.2129742Z Compiling .pio/build/uno/lib7fc/ezo-i2c-driver/linux/ezo_linux_i2c.c.o
2026-03-19T07:24:30.2170084Z Archiving .pio/build/uno/lib3dd/libWire.a
2026-03-19T07:24:30.2203529Z Archiving .pio/build/uno/libFrameworkArduinoVariant.a
2026-03-19T07:24:30.2212729Z Indexing .pio/build/uno/lib3dd/libWire.a
2026-03-19T07:24:30.2225433Z Indexing .pio/build/uno/libFrameworkArduinoVariant.a
2026-03-19T07:24:30.2246140Z lib/ezo-i2c-driver/src/linux/ezo_linux_i2c.c:6:10: fatal error: sys/ioctl.h: No such file or directory
2026-03-19T07:24:30.2247011Z  #include <sys/ioctl.h>
2026-03-19T07:24:30.2247361Z           ^~~~~~~~~~~~~
2026-03-19T07:24:30.2247698Z compilation terminated.
2026-03-19T07:24:30.2255967Z *** [.pio/build/uno/lib7fc/ezo-i2c-driver/linux/ezo_linux_i2c.c.o] Error 1
2026-03-19T07:24:30.2846337Z ========================== [FAILED] Took 0.76 seconds ==========================
2026-03-19T07:24:30.3246153Z ##[error]Process completed with exit code 1.
2026-03-19T07:24:30.3352961Z Post job cleanup.
2026-03-19T07:24:30.4309569Z [command]/usr/bin/git version
2026-03-19T07:24:30.4346679Z git version 2.53.0
2026-03-19T07:24:30.4389331Z Temporarily overriding HOME='/home/runner/work/_temp/16dfe533-73c9-4054-a8d5-8abe4aae0c1e' before making global git config changes
2026-03-19T07:24:30.4390623Z Adding repository directory to the temporary git global config as a safe directory
2026-03-19T07:24:30.4395043Z [command]/usr/bin/git config --global --add safe.directory /home/runner/work/ezo-i2c-driver/ezo-i2c-driver
2026-03-19T07:24:30.4432687Z [command]/usr/bin/git config --local --name-only --get-regexp core\.sshCommand
2026-03-19T07:24:30.4467106Z [command]/usr/bin/git submodule foreach --recursive sh -c "git config --local --name-only --get-regexp 'core\.sshCommand' && git config --local --unset-all 'core.sshCommand' || :"
2026-03-19T07:24:30.4715252Z [command]/usr/bin/git config --local --name-only --get-regexp http\.https\:\/\/github\.com\/\.extraheader
2026-03-19T07:24:30.4738160Z http.https://github.com/.extraheader
2026-03-19T07:24:30.4750513Z [command]/usr/bin/git config --local --unset-all http.https://github.com/.extraheader
2026-03-19T07:24:30.4783114Z [command]/usr/bin/git submodule foreach --recursive sh -c "git config --local --name-only --get-regexp 'http\.https\:\/\/github\.com\/\.extraheader' && git config --local --unset-all 'http.https://github.com/.extraheader' || :"
2026-03-19T07:24:30.5025073Z [command]/usr/bin/git config --local --name-only --get-regexp ^includeIf\.gitdir:
2026-03-19T07:24:30.5059284Z [command]/usr/bin/git submodule foreach --recursive git config --local --show-origin --name-only --get-regexp remote.origin.url
2026-03-19T07:24:30.5419388Z Cleaning up orphan processes
2026-03-19T07:24:30.5724832Z ##[warning]Node.js 20 actions are deprecated. The following actions are running on Node.js 20 and may not work as expected: actions/cache@v4, actions/checkout@v4, actions/setup-python@v5. Actions will be forced to run with Node.js 24 by default starting June 2nd, 2026. Please check if updated versions of these actions are available that support Node.js 24. To opt into Node.js 24 now, set the FORCE_JAVASCRIPT_ACTIONS_TO_NODE24=true environment variable on the runner or in your workflow file. Once Node.js 24 becomes the default, you can temporarily opt out by setting ACTIONS_ALLOW_USE_UNSECURE_NODE_VERSION=true. For more information see: https://github.blog/changelog/2025-09-19-deprecation-of-node-20-on-github-actions-runners/
